2025-05-19 15:19:35,667 - farm_business_analyzer - INFO - Collecting data for 1 properties
2025-05-19 15:19:35,667 - farm_business_analyzer - INFO - Searching data for 17631 cameron lane hb ca 92647
2025-05-19 15:19:35,667 - property_searcher - INFO - Searching all sources for 17631 cameron lane hb ca 92647 (1900-2023)
2025-05-19 15:19:35,668 - property_searcher - INFO - Generated historical data for 17631 cameron lane hb ca 92647
2025-05-19 15:19:35,668 - farm_business_analyzer - INFO - Collected data for 17631 cameron lane hb ca 92647
2025-05-19 15:19:35,669 - farm_business_analyzer - INFO - Running all analyses
2025-05-19 15:19:35,669 - farm_business_analyzer - INFO - Analyzing crop patterns
2025-05-19 15:19:35,669 - farm_business_analyzer - INFO - Analyzing business evolution
2025-05-19 15:19:35,669 - farm_business_analyzer - INFO - Creating unified timelines
2025-05-19 15:19:35,669 - farm_business_analyzer - INFO - Generating property valuation trends
2025-05-19 15:20:29,981 - farm_business_analyzer - INFO - Collecting data for 2 properties
2025-05-19 15:20:29,982 - farm_business_analyzer - INFO - Searching data for 17631 cameron lane hb ca 92647
2025-05-19 15:20:29,982 - property_searcher - INFO - Searching all sources for 17631 cameron lane hb ca 92647 (1900-2023)
2025-05-19 15:20:29,982 - property_searcher - INFO - Generated historical data for 17631 cameron lane hb ca 92647
2025-05-19 15:20:29,983 - farm_business_analyzer - INFO - Collected data for 17631 cameron lane hb ca 92647
2025-05-19 15:20:29,983 - farm_business_analyzer - INFO - Searching data for 17642 beach blvd hb ca 92647
2025-05-19 15:20:29,983 - property_searcher - INFO - Searching all sources for 17642 beach blvd hb ca 92647 (1900-2023)
2025-05-19 15:20:29,983 - property_searcher - INFO - Generated historical data for 17642 beach blvd hb ca 92647
2025-05-19 15:20:29,983 - farm_business_analyzer - INFO - Collected data for 17642 beach blvd hb ca 92647
2025-05-19 15:20:29,983 - farm_business_analyzer - INFO - Running all analyses
2025-05-19 15:20:29,983 - farm_business_analyzer - INFO - Analyzing crop patterns
2025-05-19 15:20:29,983 - farm_business_analyzer - INFO - Analyzing business evolution
2025-05-19 15:20:29,983 - farm_business_analyzer - INFO - Creating unified timelines
2025-05-19 15:20:29,983 - farm_business_analyzer - INFO - Generating property valuation trends
2025-05-19 15:34:09,307 - farm_business_analyzer - INFO - Collecting data for 1 properties
2025-05-19 15:34:09,308 - farm_business_analyzer - INFO - Searching data for 17642 beach blvd
2025-05-19 15:34:09,308 - property_searcher - INFO - Searching all sources for 17642 beach blvd (1900-1940)
2025-05-19 15:34:09,310 - property_searcher - INFO - Generated historical data for 17642 beach blvd
2025-05-19 15:34:09,310 - farm_business_analyzer - INFO - Collected data for 17642 beach blvd
2025-05-19 15:34:09,310 - farm_business_analyzer - INFO - Running all analyses
2025-05-19 15:34:09,313 - farm_business_analyzer - INFO - Analyzing crop patterns
2025-05-19 15:34:09,313 - farm_business_analyzer - INFO - Analyzing business evolution
2025-05-19 15:34:09,314 - farm_business_analyzer - INFO - Creating unified timelines
2025-05-19 15:34:09,314 - farm_business_analyzer - INFO - Generating property valuation trends
2025-05-19 15:34:09,398 - osint_tools - INFO - Running full OSINT analysis for 17642 beach blvd
2025-05-19 15:34:09,398 - osint_tools - INFO - Scraping newspaper archives for 17642 beach blvd
2025-05-19 15:34:09,403 - osint_tools - INFO - Searching property records for 17642 beach blvd
2025-05-19 15:34:09,403 - osint_tools - INFO - Searching historical imagery for 17642 beach blvd
2025-05-19 15:34:09,403 - osint_tools - INFO - Analyzing water rights for 17642 beach blvd
2025-05-19 15:34:09,403 - osint_tools - INFO - Searching web archives for 17642 beach blvd
2025-05-19 15:35:07,311 - farm_business_analyzer - INFO - Collecting data for 1 properties
2025-05-19 15:35:07,311 - farm_business_analyzer - INFO - Searching data for 17642 beach blvd huntington beach ca 92647
2025-05-19 15:35:07,311 - property_searcher - INFO - Searching all sources for 17642 beach blvd huntington beach ca 92647 (1900-1940)
2025-05-19 15:35:07,311 - property_searcher - INFO - Generated historical data for 17642 beach blvd huntington beach ca 92647
2025-05-19 15:35:07,312 - farm_business_analyzer - INFO - Collected data for 17642 beach blvd huntington beach ca 92647
2025-05-19 15:35:07,312 - farm_business_analyzer - INFO - Running all analyses
2025-05-19 15:35:07,312 - farm_business_analyzer - INFO - Analyzing crop patterns
2025-05-19 15:35:07,312 - farm_business_analyzer - INFO - Analyzing business evolution
2025-05-19 15:35:07,312 - farm_business_analyzer - INFO - Creating unified timelines
2025-05-19 15:35:07,312 - farm_business_analyzer - INFO - Generating property valuation trends
2025-05-19 15:35:07,346 - osint_tools - INFO - Running full OSINT analysis for 17642 beach blvd huntington beach ca 92647
2025-05-19 15:35:07,346 - osint_tools - INFO - Scraping newspaper archives for 17642 beach blvd huntington beach ca 92647
2025-05-19 15:35:07,346 - osint_tools - INFO - Searching property records for 17642 beach blvd huntington beach ca 92647
2025-05-19 15:35:07,347 - osint_tools - INFO - Searching historical imagery for 17642 beach blvd huntington beach ca 92647
2025-05-19 15:35:07,347 - osint_tools - INFO - Analyzing water rights for 17642 beach blvd huntington beach ca 92647
2025-05-19 15:35:07,348 - osint_tools - INFO - Searching web archives for 17642 beach blvd huntington beach ca 92647
2025-05-19 15:35:14,804 - farm_business_analyzer - INFO - Collecting data for 1 properties
2025-05-19 15:35:14,806 - farm_business_analyzer - INFO - Searching data for 17642 beach blvd huntington beach ca 92647
2025-05-19 15:35:14,815 - property_searcher - INFO - Searching all sources for 17642 beach blvd huntington beach ca 92647 (1900-1940)
2025-05-19 15:35:14,819 - property_searcher - INFO - Generated historical data for 17642 beach blvd huntington beach ca 92647
2025-05-19 15:35:14,819 - farm_business_analyzer - INFO - Collected data for 17642 beach blvd huntington beach ca 92647
2025-05-19 15:35:14,820 - farm_business_analyzer - INFO - Running all analyses
2025-05-19 15:35:14,820 - farm_business_analyzer - INFO - Analyzing crop patterns
2025-05-19 15:35:14,820 - farm_business_analyzer - INFO - Analyzing business evolution
2025-05-19 15:35:14,820 - farm_business_analyzer - INFO - Creating unified timelines
2025-05-19 15:35:14,821 - farm_business_analyzer - INFO - Generating property valuation trends
2025-05-19 15:35:14,857 - osint_tools - INFO - Running full OSINT analysis for 17642 beach blvd huntington beach ca 92647
2025-05-19 15:35:14,867 - osint_tools - INFO - Scraping newspaper archives for 17642 beach blvd huntington beach ca 92647
2025-05-19 15:35:14,868 - osint_tools - INFO - Searching property records for 17642 beach blvd huntington beach ca 92647
2025-05-19 15:35:14,868 - osint_tools - INFO - Searching historical imagery for 17642 beach blvd huntington beach ca 92647
2025-05-19 15:35:14,870 - osint_tools - INFO - Analyzing water rights for 17642 beach blvd huntington beach ca 92647
2025-05-19 15:35:14,870 - osint_tools - INFO - Searching web archives for 17642 beach blvd huntington beach ca 92647
2025-05-19 15:38:38,296 - database - INFO - Database tables created successfully
2025-05-19 15:41:05,425 - database - ERROR - Error getting all properties: (psycopg2.OperationalError) SSL connection has been closed unexpectedly

[SQL: SELECT properties.id AS properties_id, properties.address AS properties_address, properties.city AS properties_city, properties.state AS properties_state, properties.zip_code AS properties_zip_code, properties.start_year AS properties_start_year, properties.end_year AS properties_end_year, properties.created_at AS properties_created_at 
FROM properties]
(Background on this error at: https://sqlalche.me/e/20/e3q8)
2025-05-19 15:41:55,625 - farm_business_analyzer - INFO - Collecting data for 0 properties
2025-05-19 15:41:55,626 - farm_business_analyzer - INFO - Running all analyses
2025-05-19 15:41:55,626 - farm_business_analyzer - INFO - Analyzing crop patterns
2025-05-19 15:41:55,626 - farm_business_analyzer - INFO - Analyzing business evolution
2025-05-19 15:41:55,626 - farm_business_analyzer - INFO - Creating unified timelines
2025-05-19 15:41:55,627 - farm_business_analyzer - INFO - Generating property valuation trends
2025-05-19 15:44:46,460 - database - INFO - Database tables created successfully
2025-05-19 15:52:53,221 - database - ERROR - Error getting all properties: (psycopg2.OperationalError) SSL connection has been closed unexpectedly

[SQL: SELECT properties.id AS properties_id, properties.address AS properties_address, properties.city AS properties_city, properties.state AS properties_state, properties.zip_code AS properties_zip_code, properties.start_year AS properties_start_year, properties.end_year AS properties_end_year, properties.created_at AS properties_created_at 
FROM properties]
(Background on this error at: https://sqlalche.me/e/20/e3q8)
2025-05-19 15:53:06,204 - farm_business_analyzer - INFO - Collecting data for 1 properties
2025-05-19 15:53:06,210 - farm_business_analyzer - INFO - Searching data for 17642 Beach Blvd
2025-05-19 15:53:06,211 - property_searcher - INFO - Searching all sources for 17642 Beach Blvd (1900-1940)
2025-05-19 15:53:06,211 - property_searcher - INFO - Generated historical data for 17642 Beach Blvd
2025-05-19 15:53:06,211 - farm_business_analyzer - INFO - Collected data for 17642 Beach Blvd
2025-05-19 15:53:06,212 - farm_business_analyzer - INFO - Running all analyses
2025-05-19 15:53:06,212 - farm_business_analyzer - INFO - Analyzing crop patterns
2025-05-19 15:53:06,214 - farm_business_analyzer - INFO - Analyzing business evolution
2025-05-19 15:53:06,214 - farm_business_analyzer - INFO - Creating unified timelines
2025-05-19 15:53:06,214 - farm_business_analyzer - INFO - Generating property valuation trends
2025-05-19 15:53:06,747 - osint_tools - INFO - Running full OSINT analysis for 17642 Beach Blvd
2025-05-19 15:53:06,748 - osint_tools - INFO - Scraping newspaper archives for 17642 Beach Blvd
2025-05-19 15:53:06,748 - osint_tools - INFO - Searching property records for 17642 Beach Blvd
2025-05-19 15:53:06,748 - osint_tools - INFO - Searching historical imagery for 17642 Beach Blvd
2025-05-19 15:53:06,748 - osint_tools - INFO - Analyzing water rights for 17642 Beach Blvd
2025-05-19 15:53:06,748 - osint_tools - INFO - Searching web archives for 17642 Beach Blvd
2025-05-19 15:58:44,571 - database - INFO - Database tables created successfully
